2021-07-04 13:33:10,706 - mmdet - INFO - Environment info:
------------------------------------------------------------
sys.platform: linux
Python: 3.6.2 |Continuum Analytics, Inc.| (default, Jul 20 2017, 13:51:32) [GCC 4.4.7 20120313 (Red Hat 4.4.7-1)]
CUDA available: True
GPU 0: GeForce RTX 2080 Ti
CUDA_HOME: /usr/local/cuda-10.1
NVCC: Cuda compilation tools, release 10.1, V10.1.105
GCC: gcc (Ubuntu 7.5.0-3ubuntu1~18.04) 7.5.0
PyTorch: 1.4.0
PyTorch compiling details: PyTorch built with:
  - GCC 7.3
  - Intel(R) Math Kernel Library Version 2019.0.4 Product Build 20190411 for Intel(R) 64 architecture applications
  - Intel(R) MKL-DNN v0.21.1 (Git Hash 7d2fd500bc78936d1d648ca713b901012f470dbc)
  - OpenMP 201511 (a.k.a. OpenMP 4.5)
  - NNPACK is enabled
  - CUDA Runtime 10.1
  - NVCC architecture flags: -gencode;arch=compute_37,code=sm_37;-gencode;arch=compute_50,code=sm_50;-gencode;arch=compute_60,code=sm_60;-gencode;arch=compute_61,code=sm_61;-gencode;arch=compute_70,code=sm_70;-gencode;arch=compute_75,code=sm_75;-gencode;arch=compute_37,code=compute_37
  - CuDNN 7.6.3
  - Magma 2.5.1
  - Build settings: BLAS=MKL, BUILD_NAMEDTENSOR=OFF, BUILD_TYPE=Release, CXX_FLAGS= -Wno-deprecated -fvisibility-inlines-hidden -fopenmp -DUSE_FBGEMM -DUSE_QNNPACK -DUSE_PYTORCH_QNNPACK -O2 -fPIC -Wno-narrowing -Wall -Wextra -Wno-missing-field-initializers -Wno-type-limits -Wno-array-bounds -Wno-unknown-pragmas -Wno-sign-compare -Wno-unused-parameter -Wno-unused-variable -Wno-unused-function -Wno-unused-result -Wno-strict-overflow -Wno-strict-aliasing -Wno-error=deprecated-declarations -Wno-stringop-overflow -Wno-error=pedantic -Wno-error=redundant-decls -Wno-error=old-style-cast -fdiagnostics-color=always -faligned-new -Wno-unused-but-set-variable -Wno-maybe-uninitialized -fno-math-errno -fno-trapping-math -Wno-stringop-overflow, DISABLE_NUMA=1, PERF_WITH_AVX=1, PERF_WITH_AVX2=1, PERF_WITH_AVX512=1, USE_CUDA=ON, USE_EXCEPTION_PTR=1, USE_GFLAGS=OFF, USE_GLOG=OFF, USE_MKL=ON, USE_MKLDNN=ON, USE_MPI=OFF, USE_NCCL=ON, USE_NNPACK=ON, USE_OPENMP=ON, USE_STATIC_DISPATCH=OFF, 

TorchVision: 0.5.0
OpenCV: 4.5.1
MMCV: 1.3.3
MMCV Compiler: GCC 7.5
MMCV CUDA Compiler: 10.1
MMDetection: 2.11.0+454aa80
------------------------------------------------------------

2021-07-04 13:33:13,153 - mmdet - INFO - Distributed training: False
2021-07-04 13:33:15,408 - mmdet - INFO - Config:
model = dict(
    type='MaskRCNN',
    pretrained='open-mmlab://detectron2/resnet50_caffe',
    backbone=dict(
        type='ResNet',
        depth=50,
        num_stages=4,
        out_indices=(0, 1, 2, 3),
        frozen_stages=1,
        norm_cfg=dict(type='BN', requires_grad=False),
        norm_eval=True,
        style='caffe'),
    neck=dict(
        type='FPN',
        in_channels=[256, 512, 1024, 2048],
        out_channels=256,
        num_outs=5),
    rpn_head=dict(
        type='RPNHead',
        in_channels=256,
        feat_channels=256,
        anchor_generator=dict(
            type='AnchorGenerator',
            scales=[8],
            ratios=[0.5, 1.0, 2.0],
            strides=[4, 8, 16, 32, 64]),
        bbox_coder=dict(
            type='DeltaXYWHBBoxCoder',
            target_means=[0.0, 0.0, 0.0, 0.0],
            target_stds=[1.0, 1.0, 1.0, 1.0]),
        loss_cls=dict(
            type='CrossEntropyLoss', use_sigmoid=True, loss_weight=1.0),
        loss_bbox=dict(type='L1Loss', loss_weight=1.0)),
    roi_head=dict(
        type='StandardRoIHead',
        bbox_roi_extractor=dict(
            type='SingleRoIExtractor',
            roi_layer=dict(type='RoIAlign', output_size=7, sampling_ratio=0),
            out_channels=256,
            featmap_strides=[4, 8, 16, 32]),
        bbox_head=dict(
            type='Shared2FCBBoxHead',
            in_channels=256,
            fc_out_channels=1024,
            roi_feat_size=7,
            num_classes=4,
            bbox_coder=dict(
                type='DeltaXYWHBBoxCoder',
                target_means=[0.0, 0.0, 0.0, 0.0],
                target_stds=[0.1, 0.1, 0.2, 0.2]),
            reg_class_agnostic=False,
            loss_cls=dict(
                type='CrossEntropyLoss', use_sigmoid=False, loss_weight=1.0),
            loss_bbox=dict(type='L1Loss', loss_weight=1.0)),
        mask_roi_extractor=dict(
            type='SingleRoIExtractor',
            roi_layer=dict(type='RoIAlign', output_size=14, sampling_ratio=0),
            out_channels=256,
            featmap_strides=[4, 8, 16, 32]),
        mask_head=dict(
            type='FCNMaskHead',
            num_convs=4,
            in_channels=256,
            conv_out_channels=256,
            num_classes=4,
            loss_mask=dict(
                type='CrossEntropyLoss', use_mask=True, loss_weight=1.0))),
    train_cfg=dict(
        rpn=dict(
            assigner=dict(
                type='MaxIoUAssigner',
                pos_iou_thr=0.7,
                neg_iou_thr=0.3,
                min_pos_iou=0.3,
                match_low_quality=True,
                ignore_iof_thr=-1),
            sampler=dict(
                type='RandomSampler',
                num=256,
                pos_fraction=0.5,
                neg_pos_ub=-1,
                add_gt_as_proposals=False),
            allowed_border=-1,
            pos_weight=-1,
            debug=False),
        rpn_proposal=dict(
            nms_pre=2000,
            max_per_img=1000,
            nms=dict(type='nms', iou_threshold=0.7),
            min_bbox_size=0),
        rcnn=dict(
            assigner=dict(
                type='MaxIoUAssigner',
                pos_iou_thr=0.5,
                neg_iou_thr=0.5,
                min_pos_iou=0.5,
                match_low_quality=True,
                ignore_iof_thr=-1),
            sampler=dict(
                type='RandomSampler',
                num=512,
                pos_fraction=0.25,
                neg_pos_ub=-1,
                add_gt_as_proposals=True),
            mask_size=28,
            pos_weight=-1,
            debug=False)),
    test_cfg=dict(
        rpn=dict(
            nms_pre=1000,
            max_per_img=1000,
            nms=dict(type='nms', iou_threshold=0.7),
            min_bbox_size=0),
        rcnn=dict(
            score_thr=0.05,
            nms=dict(type='nms', iou_threshold=0.5),
            max_per_img=100,
            mask_thr_binary=0.5)))
dataset_type = 'COCODataset'
data_root = 'data/coco/'
img_norm_cfg = dict(
    mean=[103.53, 116.28, 123.675], std=[1.0, 1.0, 1.0], to_rgb=False)
train_pipeline = [
    dict(type='LoadImageFromFile'),
    dict(
        type='LoadAnnotations',
        with_bbox=True,
        with_mask=True,
        poly2mask=False),
    dict(
        type='Resize',
        img_scale=[(1333, 640), (1333, 672), (1333, 704), (1333, 736),
                   (1333, 768), (1333, 800)],
        multiscale_mode='value',
        keep_ratio=True),
    dict(type='RandomFlip', flip_ratio=0.5),
    dict(
        type='Normalize',
        mean=[103.53, 116.28, 123.675],
        std=[1.0, 1.0, 1.0],
        to_rgb=False),
    dict(type='Pad', size_divisor=32),
    dict(type='DefaultFormatBundle'),
    dict(type='Collect', keys=['img', 'gt_bboxes', 'gt_labels', 'gt_masks'])
]
test_pipeline = [
    dict(type='LoadImageFromFile'),
    dict(
        type='MultiScaleFlipAug',
        img_scale=(1333, 800),
        flip=False,
        transforms=[
            dict(type='Resize', keep_ratio=True),
            dict(type='RandomFlip'),
            dict(
                type='Normalize',
                mean=[103.53, 116.28, 123.675],
                std=[1.0, 1.0, 1.0],
                to_rgb=False),
            dict(type='Pad', size_divisor=32),
            dict(type='ImageToTensor', keys=['img']),
            dict(type='Collect', keys=['img'])
        ])
]
data = dict(
    samples_per_gpu=2,
    workers_per_gpu=2,
    train=dict(
        type='CocoDataset',
        ann_file='/home/zhaowei/seg/SC_coco.json',
        img_prefix='/home/zhaowei/seg/first_datset',
        pipeline=[
            dict(type='LoadImageFromFile'),
            dict(
                type='LoadAnnotations',
                with_bbox=True,
                with_mask=True,
                poly2mask=False),
            dict(
                type='Resize',
                img_scale=[(1333, 640), (1333, 672), (1333, 704), (1333, 736),
                           (1333, 768), (1333, 800)],
                multiscale_mode='value',
                keep_ratio=True),
            dict(type='RandomFlip', flip_ratio=0.5),
            dict(
                type='Normalize',
                mean=[103.53, 116.28, 123.675],
                std=[1.0, 1.0, 1.0],
                to_rgb=False),
            dict(type='Pad', size_divisor=32),
            dict(type='DefaultFormatBundle'),
            dict(
                type='Collect',
                keys=['img', 'gt_bboxes', 'gt_labels', 'gt_masks'])
        ],
        classes=('A', 'B', 'C', 'D')),
    val=dict(
        type='CocoDataset',
        ann_file='/home/zhaowei/seg/val.json',
        img_prefix='/home/zhaowei/seg/val',
        pipeline=[
            dict(type='LoadImageFromFile'),
            dict(
                type='MultiScaleFlipAug',
                img_scale=(1333, 800),
                flip=False,
                transforms=[
                    dict(type='Resize', keep_ratio=True),
                    dict(type='RandomFlip'),
                    dict(
                        type='Normalize',
                        mean=[103.53, 116.28, 123.675],
                        std=[1.0, 1.0, 1.0],
                        to_rgb=False),
                    dict(type='Pad', size_divisor=32),
                    dict(type='ImageToTensor', keys=['img']),
                    dict(type='Collect', keys=['img'])
                ])
        ],
        classes=('A', 'B', 'C', 'D')),
    test=dict(
        type='CocoDataset',
        ann_file='data/coco/annotations/instances_val2017.json',
        img_prefix='data/coco/val2017/',
        pipeline=[
            dict(type='LoadImageFromFile'),
            dict(
                type='MultiScaleFlipAug',
                img_scale=(1333, 800),
                flip=False,
                transforms=[
                    dict(type='Resize', keep_ratio=True),
                    dict(type='RandomFlip'),
                    dict(
                        type='Normalize',
                        mean=[103.53, 116.28, 123.675],
                        std=[1.0, 1.0, 1.0],
                        to_rgb=False),
                    dict(type='Pad', size_divisor=32),
                    dict(type='ImageToTensor', keys=['img']),
                    dict(type='Collect', keys=['img'])
                ])
        ]))
evaluation = dict(metric=['bbox', 'segm'])
optimizer = dict(type='SGD', lr=0.002, momentum=0.9, weight_decay=0.0001)
optimizer_config = dict(grad_clip=None)
lr_config = dict(
    policy='step',
    warmup='linear',
    warmup_iters=500,
    warmup_ratio=0.001,
    step=[8, 11])
runner = dict(type='EpochBasedRunner', max_epochs=12)
checkpoint_config = dict(interval=1)
log_config = dict(interval=50, hooks=[dict(type='TextLoggerHook')])
custom_hooks = [dict(type='NumClassCheckHook')]
dist_params = dict(backend='nccl')
log_level = 'INFO'
load_from = None
resume_from = None
workflow = [('train', 1)]
classes = ('A', 'B', 'C', 'D')
work_dir = './work_dirs/mask_rcnn_r50_caffe_fpn_mstrain-poly_1xSF'
gpu_ids = range(0, 1)

2021-07-04 13:33:23,862 - mmdet - INFO - Start running, host: zhaowei@privacygroup-SYS-1, work_dir: /home/zhaowei/seg/mmdetection/work_dirs/mask_rcnn_r50_caffe_fpn_mstrain-poly_1xSF
2021-07-04 13:33:23,862 - mmdet - INFO - workflow: [('train', 1)], max: 12 epochs
2021-07-04 13:34:28,078 - mmdet - INFO - Epoch [1][50/604]	lr: 1.978e-04, eta: 2:33:38, time: 1.281, data_time: 0.060, memory: 2985, loss_rpn_cls: 0.6246, loss_rpn_bbox: 0.1121, loss_cls: 0.8323, acc: 87.5840, loss_bbox: 0.3033, loss_mask: 2.5898, loss: 4.4622
2021-07-04 13:35:27,151 - mmdet - INFO - Epoch [1][100/604]	lr: 3.976e-04, eta: 2:26:37, time: 1.181, data_time: 0.015, memory: 2985, loss_rpn_cls: 0.3515, loss_rpn_bbox: 0.0800, loss_cls: 0.2892, acc: 95.2148, loss_bbox: 0.2225, loss_mask: 0.7138, loss: 1.6570
2021-07-04 13:36:27,938 - mmdet - INFO - Epoch [1][150/604]	lr: 5.974e-04, eta: 2:24:59, time: 1.215, data_time: 0.015, memory: 3046, loss_rpn_cls: 0.2435, loss_rpn_bbox: 0.0772, loss_cls: 0.3093, acc: 93.9824, loss_bbox: 0.2618, loss_mask: 0.6237, loss: 1.5155
2021-07-04 13:37:29,851 - mmdet - INFO - Epoch [1][200/604]	lr: 7.972e-04, eta: 2:24:21, time: 1.238, data_time: 0.016, memory: 3118, loss_rpn_cls: 0.2126, loss_rpn_bbox: 0.0811, loss_cls: 0.3249, acc: 92.1328, loss_bbox: 0.2948, loss_mask: 0.5784, loss: 1.4919
2021-07-04 13:38:30,379 - mmdet - INFO - Epoch [1][250/604]	lr: 9.970e-04, eta: 2:22:54, time: 1.211, data_time: 0.015, memory: 3118, loss_rpn_cls: 0.1806, loss_rpn_bbox: 0.0661, loss_cls: 0.3096, acc: 91.9766, loss_bbox: 0.3042, loss_mask: 0.5479, loss: 1.4085
2021-07-04 13:39:30,234 - mmdet - INFO - Epoch [1][300/604]	lr: 1.197e-03, eta: 2:21:20, time: 1.197, data_time: 0.017, memory: 3118, loss_rpn_cls: 0.1309, loss_rpn_bbox: 0.0559, loss_cls: 0.3255, acc: 91.9785, loss_bbox: 0.3122, loss_mask: 0.5184, loss: 1.3429
2021-07-04 13:40:32,817 - mmdet - INFO - Epoch [1][350/604]	lr: 1.397e-03, eta: 2:20:50, time: 1.252, data_time: 0.013, memory: 3161, loss_rpn_cls: 0.1605, loss_rpn_bbox: 0.0809, loss_cls: 0.3619, acc: 90.9238, loss_bbox: 0.3019, loss_mask: 0.5139, loss: 1.4191
2021-07-04 13:41:37,905 - mmdet - INFO - Epoch [1][400/604]	lr: 1.596e-03, eta: 2:20:55, time: 1.302, data_time: 0.015, memory: 3161, loss_rpn_cls: 0.1935, loss_rpn_bbox: 0.0848, loss_cls: 0.2934, acc: 91.7598, loss_bbox: 0.2947, loss_mask: 0.5053, loss: 1.3716
2021-07-04 13:42:41,667 - mmdet - INFO - Epoch [1][450/604]	lr: 1.796e-03, eta: 2:20:24, time: 1.275, data_time: 0.014, memory: 3205, loss_rpn_cls: 0.1445, loss_rpn_bbox: 0.0697, loss_cls: 0.3266, acc: 90.8438, loss_bbox: 0.3230, loss_mask: 0.4605, loss: 1.3243
2021-07-04 13:43:44,178 - mmdet - INFO - Epoch [1][500/604]	lr: 1.996e-03, eta: 2:19:29, time: 1.249, data_time: 0.013, memory: 3205, loss_rpn_cls: 0.1540, loss_rpn_bbox: 0.0721, loss_cls: 0.3265, acc: 91.1250, loss_bbox: 0.3005, loss_mask: 0.4913, loss: 1.3443
2021-07-04 13:44:46,907 - mmdet - INFO - Epoch [1][550/604]	lr: 2.000e-03, eta: 2:18:35, time: 1.254, data_time: 0.015, memory: 3205, loss_rpn_cls: 0.2039, loss_rpn_bbox: 0.0793, loss_cls: 0.3186, acc: 91.2715, loss_bbox: 0.2704, loss_mask: 0.5590, loss: 1.4312
2021-07-04 13:45:49,202 - mmdet - INFO - Epoch [1][600/604]	lr: 2.000e-03, eta: 2:17:36, time: 1.247, data_time: 0.016, memory: 3218, loss_rpn_cls: 0.1661, loss_rpn_bbox: 0.0732, loss_cls: 0.3478, acc: 90.0391, loss_bbox: 0.3223, loss_mask: 0.4711, loss: 1.3806
2021-07-04 13:45:54,097 - mmdet - INFO - Saving checkpoint at 1 epochs
2021-07-04 13:46:25,191 - mmdet - INFO - Evaluating bbox...
2021-07-04 13:46:26,394 - mmdet - INFO - Evaluating segm...
2021-07-04 13:46:27,709 - mmdet - INFO - Exp name: mask_rcnn_r50_caffe_fpn_mstrain-poly_1xSF.py
2021-07-04 13:46:27,710 - mmdet - INFO - Epoch(val) [1][604]	bbox_mAP: 0.0290, bbox_mAP_50: 0.0890, bbox_mAP_75: 0.0040, bbox_mAP_s: 0.0000, bbox_mAP_m: 0.0260, bbox_mAP_l: 0.0350, bbox_mAP_copypaste: 0.029 0.089 0.004 0.000 0.026 0.035, segm_mAP: 0.0290, segm_mAP_50: 0.0750, segm_mAP_75: 0.0170, segm_mAP_s: 0.0000, segm_mAP_m: 0.0250, segm_mAP_l: 0.0370, segm_mAP_copypaste: 0.029 0.075 0.017 0.000 0.025 0.037
2021-07-04 13:47:34,404 - mmdet - INFO - Epoch [2][50/604]	lr: 2.000e-03, eta: 2:16:23, time: 1.330, data_time: 0.060, memory: 3292, loss_rpn_cls: 0.1314, loss_rpn_bbox: 0.0809, loss_cls: 0.3380, acc: 88.9688, loss_bbox: 0.3731, loss_mask: 0.4327, loss: 1.3561
2021-07-04 13:48:36,094 - mmdet - INFO - Epoch [2][100/604]	lr: 2.000e-03, eta: 2:15:18, time: 1.234, data_time: 0.016, memory: 3292, loss_rpn_cls: 0.1238, loss_rpn_bbox: 0.0673, loss_cls: 0.3167, acc: 89.0469, loss_bbox: 0.3364, loss_mask: 0.4008, loss: 1.2450
2021-07-04 13:49:40,063 - mmdet - INFO - Epoch [2][150/604]	lr: 2.000e-03, eta: 2:14:32, time: 1.279, data_time: 0.017, memory: 3292, loss_rpn_cls: 0.1415, loss_rpn_bbox: 0.0803, loss_cls: 0.3502, acc: 88.4180, loss_bbox: 0.3723, loss_mask: 0.4160, loss: 1.3604
2021-07-04 13:50:44,823 - mmdet - INFO - Epoch [2][200/604]	lr: 2.000e-03, eta: 2:13:51, time: 1.296, data_time: 0.015, memory: 3292, loss_rpn_cls: 0.1377, loss_rpn_bbox: 0.0670, loss_cls: 0.3268, acc: 88.7949, loss_bbox: 0.3405, loss_mask: 0.4037, loss: 1.2756
2021-07-04 13:51:46,566 - mmdet - INFO - Epoch [2][250/604]	lr: 2.000e-03, eta: 2:12:45, time: 1.235, data_time: 0.014, memory: 3292, loss_rpn_cls: 0.1465, loss_rpn_bbox: 0.0725, loss_cls: 0.2984, acc: 90.0996, loss_bbox: 0.3237, loss_mask: 0.4477, loss: 1.2888
2021-07-04 13:52:48,785 - mmdet - INFO - Epoch [2][300/604]	lr: 2.000e-03, eta: 2:11:42, time: 1.244, data_time: 0.014, memory: 3292, loss_rpn_cls: 0.0946, loss_rpn_bbox: 0.0608, loss_cls: 0.3426, acc: 89.3066, loss_bbox: 0.3418, loss_mask: 0.3917, loss: 1.2314
2021-07-04 13:53:51,742 - mmdet - INFO - Epoch [2][350/604]	lr: 2.000e-03, eta: 2:10:44, time: 1.259, data_time: 0.014, memory: 3292, loss_rpn_cls: 0.1147, loss_rpn_bbox: 0.0668, loss_cls: 0.3321, acc: 89.6055, loss_bbox: 0.3298, loss_mask: 0.4038, loss: 1.2472
2021-07-04 13:54:56,066 - mmdet - INFO - Epoch [2][400/604]	lr: 2.000e-03, eta: 2:09:54, time: 1.286, data_time: 0.013, memory: 3292, loss_rpn_cls: 0.1086, loss_rpn_bbox: 0.0640, loss_cls: 0.3395, acc: 88.8535, loss_bbox: 0.3512, loss_mask: 0.3949, loss: 1.2583
2021-07-04 13:55:59,733 - mmdet - INFO - Epoch [2][450/604]	lr: 2.000e-03, eta: 2:08:59, time: 1.274, data_time: 0.014, memory: 3292, loss_rpn_cls: 0.1428, loss_rpn_bbox: 0.0661, loss_cls: 0.3353, acc: 88.4160, loss_bbox: 0.3662, loss_mask: 0.3937, loss: 1.3040
2021-07-04 13:57:04,443 - mmdet - INFO - Epoch [2][500/604]	lr: 2.000e-03, eta: 2:08:09, time: 1.294, data_time: 0.014, memory: 3331, loss_rpn_cls: 0.1063, loss_rpn_bbox: 0.0712, loss_cls: 0.3353, acc: 88.5156, loss_bbox: 0.3436, loss_mask: 0.4039, loss: 1.2603
2021-07-04 13:58:06,172 - mmdet - INFO - Epoch [2][550/604]	lr: 2.000e-03, eta: 2:07:02, time: 1.235, data_time: 0.016, memory: 3331, loss_rpn_cls: 0.1149, loss_rpn_bbox: 0.0642, loss_cls: 0.3104, acc: 90.0117, loss_bbox: 0.3227, loss_mask: 0.3941, loss: 1.2063
2021-07-04 13:59:08,456 - mmdet - INFO - Epoch [2][600/604]	lr: 2.000e-03, eta: 2:05:58, time: 1.245, data_time: 0.014, memory: 3331, loss_rpn_cls: 0.1512, loss_rpn_bbox: 0.0702, loss_cls: 0.3388, acc: 89.2715, loss_bbox: 0.3165, loss_mask: 0.3964, loss: 1.2731
2021-07-04 13:59:13,412 - mmdet - INFO - Saving checkpoint at 2 epochs
2021-07-04 13:59:44,191 - mmdet - INFO - Evaluating bbox...
2021-07-04 13:59:45,251 - mmdet - INFO - Evaluating segm...
2021-07-04 13:59:46,566 - mmdet - INFO - Exp name: mask_rcnn_r50_caffe_fpn_mstrain-poly_1xSF.py
2021-07-04 13:59:46,566 - mmdet - INFO - Epoch(val) [2][604]	bbox_mAP: 0.1060, bbox_mAP_50: 0.2740, bbox_mAP_75: 0.0240, bbox_mAP_s: 0.0000, bbox_mAP_m: 0.1080, bbox_mAP_l: 0.1090, bbox_mAP_copypaste: 0.106 0.274 0.024 0.000 0.108 0.109, segm_mAP: 0.0850, segm_mAP_50: 0.1990, segm_mAP_75: 0.0500, segm_mAP_s: 0.0000, segm_mAP_m: 0.0850, segm_mAP_l: 0.0880, segm_mAP_copypaste: 0.085 0.199 0.050 0.000 0.085 0.088
2021-07-04 14:00:49,502 - mmdet - INFO - Epoch [3][50/604]	lr: 2.000e-03, eta: 2:04:28, time: 1.255, data_time: 0.061, memory: 3331, loss_rpn_cls: 0.1025, loss_rpn_bbox: 0.0513, loss_cls: 0.3212, acc: 90.4473, loss_bbox: 0.3024, loss_mask: 0.3762, loss: 1.1536
2021-07-04 14:01:52,180 - mmdet - INFO - Epoch [3][100/604]	lr: 2.000e-03, eta: 2:03:27, time: 1.254, data_time: 0.016, memory: 3331, loss_rpn_cls: 0.1152, loss_rpn_bbox: 0.0579, loss_cls: 0.3149, acc: 88.7031, loss_bbox: 0.3452, loss_mask: 0.4009, loss: 1.2340
2021-07-04 14:02:54,112 - mmdet - INFO - Epoch [3][150/604]	lr: 2.000e-03, eta: 2:02:23, time: 1.239, data_time: 0.014, memory: 3331, loss_rpn_cls: 0.1361, loss_rpn_bbox: 0.0607, loss_cls: 0.3188, acc: 89.3320, loss_bbox: 0.3196, loss_mask: 0.3740, loss: 1.2092
2021-07-04 14:03:57,092 - mmdet - INFO - Epoch [3][200/604]	lr: 2.000e-03, eta: 2:01:23, time: 1.259, data_time: 0.016, memory: 3331, loss_rpn_cls: 0.1604, loss_rpn_bbox: 0.0717, loss_cls: 0.3587, acc: 88.8711, loss_bbox: 0.3506, loss_mask: 0.4256, loss: 1.3670
2021-07-04 14:05:02,834 - mmdet - INFO - Epoch [3][250/604]	lr: 2.000e-03, eta: 2:00:34, time: 1.314, data_time: 0.015, memory: 3331, loss_rpn_cls: 0.1215, loss_rpn_bbox: 0.0722, loss_cls: 0.3167, acc: 88.4629, loss_bbox: 0.3517, loss_mask: 0.3801, loss: 1.2422
2021-07-04 14:06:09,199 - mmdet - INFO - Epoch [3][300/604]	lr: 2.000e-03, eta: 1:59:46, time: 1.327, data_time: 0.015, memory: 3331, loss_rpn_cls: 0.0857, loss_rpn_bbox: 0.0683, loss_cls: 0.3136, acc: 88.8984, loss_bbox: 0.3363, loss_mask: 0.3230, loss: 1.1270
2021-07-04 14:07:14,138 - mmdet - INFO - Epoch [3][350/604]	lr: 2.000e-03, eta: 1:58:53, time: 1.300, data_time: 0.017, memory: 3331, loss_rpn_cls: 0.1427, loss_rpn_bbox: 0.0793, loss_cls: 0.3331, acc: 88.2051, loss_bbox: 0.3376, loss_mask: 0.3742, loss: 1.2668
2021-07-04 14:08:18,026 - mmdet - INFO - Epoch [3][400/604]	lr: 2.000e-03, eta: 1:57:54, time: 1.277, data_time: 0.015, memory: 3331, loss_rpn_cls: 0.1158, loss_rpn_bbox: 0.0662, loss_cls: 0.2909, acc: 89.8320, loss_bbox: 0.3139, loss_mask: 0.3600, loss: 1.1468
2021-07-04 14:09:18,811 - mmdet - INFO - Epoch [3][450/604]	lr: 2.000e-03, eta: 1:56:45, time: 1.216, data_time: 0.014, memory: 3331, loss_rpn_cls: 0.0780, loss_rpn_bbox: 0.0494, loss_cls: 0.3065, acc: 89.0137, loss_bbox: 0.3169, loss_mask: 0.3449, loss: 1.0957
2021-07-04 14:10:23,090 - mmdet - INFO - Epoch [3][500/604]	lr: 2.000e-03, eta: 1:55:47, time: 1.286, data_time: 0.015, memory: 3331, loss_rpn_cls: 0.1040, loss_rpn_bbox: 0.0597, loss_cls: 0.3331, acc: 87.9180, loss_bbox: 0.3519, loss_mask: 0.3759, loss: 1.2246
2021-07-04 14:11:25,431 - mmdet - INFO - Epoch [3][550/604]	lr: 2.000e-03, eta: 1:54:43, time: 1.246, data_time: 0.018, memory: 3331, loss_rpn_cls: 0.1117, loss_rpn_bbox: 0.0653, loss_cls: 0.2946, acc: 89.2617, loss_bbox: 0.3333, loss_mask: 0.3435, loss: 1.1484
2021-07-04 14:12:27,960 - mmdet - INFO - Epoch [3][600/604]	lr: 2.000e-03, eta: 1:53:40, time: 1.251, data_time: 0.018, memory: 3331, loss_rpn_cls: 0.0881, loss_rpn_bbox: 0.0602, loss_cls: 0.2898, acc: 89.8652, loss_bbox: 0.3016, loss_mask: 0.3279, loss: 1.0677
2021-07-04 14:12:35,071 - mmdet - INFO - Saving checkpoint at 3 epochs
2021-07-04 14:13:06,485 - mmdet - INFO - Evaluating bbox...
2021-07-04 14:13:07,602 - mmdet - INFO - Evaluating segm...
2021-07-04 14:13:08,755 - mmdet - INFO - Exp name: mask_rcnn_r50_caffe_fpn_mstrain-poly_1xSF.py
2021-07-04 14:13:08,755 - mmdet - INFO - Epoch(val) [3][604]	bbox_mAP: 0.1590, bbox_mAP_50: 0.3560, bbox_mAP_75: 0.1210, bbox_mAP_s: 0.1010, bbox_mAP_m: 0.1140, bbox_mAP_l: 0.1650, bbox_mAP_copypaste: 0.159 0.356 0.121 0.101 0.114 0.165, segm_mAP: 0.1290, segm_mAP_50: 0.2410, segm_mAP_75: 0.1280, segm_mAP_s: 0.0110, segm_mAP_m: 0.1000, segm_mAP_l: 0.1340, segm_mAP_copypaste: 0.129 0.241 0.128 0.011 0.100 0.134
2021-07-04 14:14:15,311 - mmdet - INFO - Epoch [4][50/604]	lr: 2.000e-03, eta: 1:52:29, time: 1.328, data_time: 0.061, memory: 3331, loss_rpn_cls: 0.0969, loss_rpn_bbox: 0.0650, loss_cls: 0.2841, acc: 89.3145, loss_bbox: 0.3345, loss_mask: 0.3540, loss: 1.1345
2021-07-04 14:15:21,300 - mmdet - INFO - Epoch [4][100/604]	lr: 2.000e-03, eta: 1:51:35, time: 1.320, data_time: 0.016, memory: 3331, loss_rpn_cls: 0.0949, loss_rpn_bbox: 0.0669, loss_cls: 0.2941, acc: 89.0938, loss_bbox: 0.3336, loss_mask: 0.3412, loss: 1.1307
2021-07-04 14:16:24,268 - mmdet - INFO - Epoch [4][150/604]	lr: 2.000e-03, eta: 1:50:33, time: 1.258, data_time: 0.014, memory: 3331, loss_rpn_cls: 0.0619, loss_rpn_bbox: 0.0442, loss_cls: 0.2955, acc: 89.1094, loss_bbox: 0.3201, loss_mask: 0.3312, loss: 1.0530
2021-07-04 14:17:28,750 - mmdet - INFO - Epoch [4][200/604]	lr: 2.000e-03, eta: 1:49:35, time: 1.290, data_time: 0.016, memory: 3331, loss_rpn_cls: 0.1690, loss_rpn_bbox: 0.0753, loss_cls: 0.3086, acc: 89.1562, loss_bbox: 0.3312, loss_mask: 0.3659, loss: 1.2501
2021-07-04 14:18:32,609 - mmdet - INFO - Epoch [4][250/604]	lr: 2.000e-03, eta: 1:48:35, time: 1.277, data_time: 0.015, memory: 3331, loss_rpn_cls: 0.0815, loss_rpn_bbox: 0.0529, loss_cls: 0.2790, acc: 90.1504, loss_bbox: 0.3009, loss_mask: 0.3203, loss: 1.0346
2021-07-04 14:19:39,125 - mmdet - INFO - Epoch [4][300/604]	lr: 2.000e-03, eta: 1:47:41, time: 1.331, data_time: 0.017, memory: 3331, loss_rpn_cls: 0.1115, loss_rpn_bbox: 0.0688, loss_cls: 0.3032, acc: 88.6367, loss_bbox: 0.3385, loss_mask: 0.3669, loss: 1.1889
2021-07-04 14:20:40,176 - mmdet - INFO - Epoch [4][350/604]	lr: 2.000e-03, eta: 1:46:34, time: 1.220, data_time: 0.014, memory: 3331, loss_rpn_cls: 0.1055, loss_rpn_bbox: 0.0505, loss_cls: 0.2727, acc: 90.0508, loss_bbox: 0.2743, loss_mask: 0.3656, loss: 1.0686
2021-07-04 14:21:43,811 - mmdet - INFO - Epoch [4][400/604]	lr: 2.000e-03, eta: 1:45:33, time: 1.273, data_time: 0.016, memory: 3331, loss_rpn_cls: 0.1059, loss_rpn_bbox: 0.0621, loss_cls: 0.2878, acc: 89.3438, loss_bbox: 0.3190, loss_mask: 0.3524, loss: 1.1272
2021-07-04 14:22:45,732 - mmdet - INFO - Epoch [4][450/604]	lr: 2.000e-03, eta: 1:44:28, time: 1.238, data_time: 0.015, memory: 3331, loss_rpn_cls: 0.0570, loss_rpn_bbox: 0.0478, loss_cls: 0.2707, acc: 89.7559, loss_bbox: 0.3149, loss_mask: 0.3310, loss: 1.0214
2021-07-04 14:23:48,490 - mmdet - INFO - Epoch [4][500/604]	lr: 2.000e-03, eta: 1:43:24, time: 1.255, data_time: 0.016, memory: 3331, loss_rpn_cls: 0.1502, loss_rpn_bbox: 0.0584, loss_cls: 0.2876, acc: 89.8555, loss_bbox: 0.2965, loss_mask: 0.3608, loss: 1.1535
2021-07-04 14:24:54,863 - mmdet - INFO - Epoch [4][550/604]	lr: 2.000e-03, eta: 1:42:29, time: 1.327, data_time: 0.016, memory: 3331, loss_rpn_cls: 0.1238, loss_rpn_bbox: 0.0748, loss_cls: 0.2971, acc: 88.5645, loss_bbox: 0.3388, loss_mask: 0.3531, loss: 1.1876
2021-07-04 14:25:56,369 - mmdet - INFO - Epoch [4][600/604]	lr: 2.000e-03, eta: 1:41:23, time: 1.230, data_time: 0.016, memory: 3331, loss_rpn_cls: 0.1086, loss_rpn_bbox: 0.0540, loss_cls: 0.2703, acc: 89.6562, loss_bbox: 0.2928, loss_mask: 0.3394, loss: 1.0651
2021-07-04 14:26:01,208 - mmdet - INFO - Saving checkpoint at 4 epochs
2021-07-04 14:26:29,030 - mmdet - INFO - Evaluating bbox...
2021-07-04 14:26:30,060 - mmdet - INFO - Evaluating segm...
2021-07-04 14:26:31,140 - mmdet - INFO - Exp name: mask_rcnn_r50_caffe_fpn_mstrain-poly_1xSF.py
2021-07-04 14:26:31,140 - mmdet - INFO - Epoch(val) [4][604]	bbox_mAP: 0.1210, bbox_mAP_50: 0.2930, bbox_mAP_75: 0.0680, bbox_mAP_s: 0.0000, bbox_mAP_m: 0.0860, bbox_mAP_l: 0.1270, bbox_mAP_copypaste: 0.121 0.293 0.068 0.000 0.086 0.127, segm_mAP: 0.0900, segm_mAP_50: 0.1990, segm_mAP_75: 0.0640, segm_mAP_s: 0.0000, segm_mAP_m: 0.0380, segm_mAP_l: 0.1010, segm_mAP_copypaste: 0.090 0.199 0.064 0.000 0.038 0.101
2021-07-04 14:27:39,241 - mmdet - INFO - Epoch [5][50/604]	lr: 2.000e-03, eta: 1:40:15, time: 1.358, data_time: 0.059, memory: 3855, loss_rpn_cls: 0.1280, loss_rpn_bbox: 0.0677, loss_cls: 0.2755, acc: 89.1504, loss_bbox: 0.3342, loss_mask: 0.3352, loss: 1.1407
2021-07-04 14:28:43,462 - mmdet - INFO - Epoch [5][100/604]	lr: 2.000e-03, eta: 1:39:15, time: 1.284, data_time: 0.015, memory: 3855, loss_rpn_cls: 0.0703, loss_rpn_bbox: 0.0562, loss_cls: 0.2660, acc: 89.7266, loss_bbox: 0.3159, loss_mask: 0.2998, loss: 1.0082
2021-07-04 14:29:51,630 - mmdet - INFO - Epoch [5][150/604]	lr: 2.000e-03, eta: 1:38:21, time: 1.364, data_time: 0.015, memory: 3855, loss_rpn_cls: 0.1380, loss_rpn_bbox: 0.0732, loss_cls: 0.2892, acc: 89.1582, loss_bbox: 0.3415, loss_mask: 0.3342, loss: 1.1761
2021-07-04 14:30:55,766 - mmdet - INFO - Epoch [5][200/604]	lr: 2.000e-03, eta: 1:37:20, time: 1.282, data_time: 0.016, memory: 3855, loss_rpn_cls: 0.0973, loss_rpn_bbox: 0.0578, loss_cls: 0.2596, acc: 90.2266, loss_bbox: 0.2942, loss_mask: 0.3701, loss: 1.0790
2021-07-04 14:31:58,756 - mmdet - INFO - Epoch [5][250/604]	lr: 2.000e-03, eta: 1:36:17, time: 1.259, data_time: 0.016, memory: 3855, loss_rpn_cls: 0.1177, loss_rpn_bbox: 0.0472, loss_cls: 0.2528, acc: 90.8711, loss_bbox: 0.2599, loss_mask: 0.3465, loss: 1.0240
2021-07-04 14:32:59,816 - mmdet - INFO - Epoch [5][300/604]	lr: 2.000e-03, eta: 1:35:11, time: 1.222, data_time: 0.017, memory: 3855, loss_rpn_cls: 0.0869, loss_rpn_bbox: 0.0464, loss_cls: 0.2440, acc: 91.1465, loss_bbox: 0.2783, loss_mask: 0.3072, loss: 0.9628
2021-07-04 14:34:02,176 - mmdet - INFO - Epoch [5][350/604]	lr: 2.000e-03, eta: 1:34:07, time: 1.247, data_time: 0.015, memory: 3855, loss_rpn_cls: 0.0714, loss_rpn_bbox: 0.0448, loss_cls: 0.2530, acc: 90.4277, loss_bbox: 0.2664, loss_mask: 0.3235, loss: 0.9591
2021-07-04 14:35:04,661 - mmdet - INFO - Epoch [5][400/604]	lr: 2.000e-03, eta: 1:33:03, time: 1.249, data_time: 0.015, memory: 3855, loss_rpn_cls: 0.0698, loss_rpn_bbox: 0.0465, loss_cls: 0.2719, acc: 89.9414, loss_bbox: 0.3202, loss_mask: 0.3410, loss: 1.0494
2021-07-04 14:36:06,914 - mmdet - INFO - Epoch [5][450/604]	lr: 2.000e-03, eta: 1:31:59, time: 1.246, data_time: 0.015, memory: 3855, loss_rpn_cls: 0.1029, loss_rpn_bbox: 0.0563, loss_cls: 0.2566, acc: 90.0488, loss_bbox: 0.2795, loss_mask: 0.3460, loss: 1.0412
2021-07-04 14:37:13,118 - mmdet - INFO - Epoch [5][500/604]	lr: 2.000e-03, eta: 1:31:01, time: 1.324, data_time: 0.014, memory: 3855, loss_rpn_cls: 0.0986, loss_rpn_bbox: 0.0621, loss_cls: 0.2849, acc: 88.7676, loss_bbox: 0.3143, loss_mask: 0.3128, loss: 1.0727
2021-07-04 14:38:17,808 - mmdet - INFO - Epoch [5][550/604]	lr: 2.000e-03, eta: 1:30:00, time: 1.293, data_time: 0.015, memory: 3855, loss_rpn_cls: 0.1063, loss_rpn_bbox: 0.0674, loss_cls: 0.2709, acc: 89.5273, loss_bbox: 0.3181, loss_mask: 0.3348, loss: 1.0975
2021-07-04 14:39:21,317 - mmdet - INFO - Epoch [5][600/604]	lr: 2.000e-03, eta: 1:28:58, time: 1.270, data_time: 0.014, memory: 3855, loss_rpn_cls: 0.1054, loss_rpn_bbox: 0.0553, loss_cls: 0.2682, acc: 89.4551, loss_bbox: 0.2855, loss_mask: 0.3148, loss: 1.0291
2021-07-04 14:39:26,333 - mmdet - INFO - Saving checkpoint at 5 epochs
2021-07-04 14:39:53,320 - mmdet - INFO - Evaluating bbox...
2021-07-04 14:39:54,349 - mmdet - INFO - Evaluating segm...
2021-07-04 14:39:55,519 - mmdet - INFO - Exp name: mask_rcnn_r50_caffe_fpn_mstrain-poly_1xSF.py
2021-07-04 14:39:55,519 - mmdet - INFO - Epoch(val) [5][604]	bbox_mAP: 0.1500, bbox_mAP_50: 0.3920, bbox_mAP_75: 0.0680, bbox_mAP_s: 0.3030, bbox_mAP_m: 0.1240, bbox_mAP_l: 0.1550, bbox_mAP_copypaste: 0.150 0.392 0.068 0.303 0.124 0.155, segm_mAP: 0.1400, segm_mAP_50: 0.3370, segm_mAP_75: 0.1130, segm_mAP_s: 0.0500, segm_mAP_m: 0.1130, segm_mAP_l: 0.1450, segm_mAP_copypaste: 0.140 0.337 0.113 0.050 0.113 0.145
2021-07-04 14:41:03,012 - mmdet - INFO - Epoch [6][50/604]	lr: 2.000e-03, eta: 1:27:48, time: 1.346, data_time: 0.060, memory: 3855, loss_rpn_cls: 0.1034, loss_rpn_bbox: 0.0658, loss_cls: 0.2878, acc: 88.8848, loss_bbox: 0.3327, loss_mask: 0.3407, loss: 1.1305
2021-07-04 14:42:05,319 - mmdet - INFO - Epoch [6][100/604]	lr: 2.000e-03, eta: 1:26:44, time: 1.247, data_time: 0.017, memory: 3855, loss_rpn_cls: 0.0920, loss_rpn_bbox: 0.0512, loss_cls: 0.2635, acc: 89.8125, loss_bbox: 0.3061, loss_mask: 0.3391, loss: 1.0519
2021-07-04 14:43:09,620 - mmdet - INFO - Epoch [6][150/604]	lr: 2.000e-03, eta: 1:25:43, time: 1.285, data_time: 0.015, memory: 3855, loss_rpn_cls: 0.1154, loss_rpn_bbox: 0.0631, loss_cls: 0.2607, acc: 89.7441, loss_bbox: 0.3019, loss_mask: 0.3146, loss: 1.0557
2021-07-04 14:44:14,873 - mmdet - INFO - Epoch [6][200/604]	lr: 2.000e-03, eta: 1:24:43, time: 1.306, data_time: 0.015, memory: 3855, loss_rpn_cls: 0.1181, loss_rpn_bbox: 0.0619, loss_cls: 0.2735, acc: 89.4980, loss_bbox: 0.2996, loss_mask: 0.3320, loss: 1.0851
2021-07-04 14:45:19,524 - mmdet - INFO - Epoch [6][250/604]	lr: 2.000e-03, eta: 1:23:41, time: 1.292, data_time: 0.013, memory: 3855, loss_rpn_cls: 0.0896, loss_rpn_bbox: 0.0666, loss_cls: 0.2883, acc: 88.6855, loss_bbox: 0.3235, loss_mask: 0.3206, loss: 1.0886
2021-07-04 14:46:20,752 - mmdet - INFO - Epoch [6][300/604]	lr: 2.000e-03, eta: 1:22:36, time: 1.226, data_time: 0.014, memory: 3855, loss_rpn_cls: 0.0621, loss_rpn_bbox: 0.0453, loss_cls: 0.2529, acc: 89.6895, loss_bbox: 0.2666, loss_mask: 0.2940, loss: 0.9209
2021-07-04 14:47:26,012 - mmdet - INFO - Epoch [6][350/604]	lr: 2.000e-03, eta: 1:21:35, time: 1.304, data_time: 0.012, memory: 3855, loss_rpn_cls: 0.1063, loss_rpn_bbox: 0.0559, loss_cls: 0.2705, acc: 89.5273, loss_bbox: 0.2714, loss_mask: 0.3323, loss: 1.0364
2021-07-04 14:48:29,482 - mmdet - INFO - Epoch [6][400/604]	lr: 2.000e-03, eta: 1:20:33, time: 1.269, data_time: 0.016, memory: 3855, loss_rpn_cls: 0.1062, loss_rpn_bbox: 0.0524, loss_cls: 0.2507, acc: 90.3926, loss_bbox: 0.2893, loss_mask: 0.3267, loss: 1.0252
2021-07-04 14:49:33,296 - mmdet - INFO - Epoch [6][450/604]	lr: 2.000e-03, eta: 1:19:30, time: 1.276, data_time: 0.014, memory: 3855, loss_rpn_cls: 0.0766, loss_rpn_bbox: 0.0552, loss_cls: 0.2509, acc: 90.1504, loss_bbox: 0.2914, loss_mask: 0.3012, loss: 0.9753
2021-07-04 14:50:36,779 - mmdet - INFO - Epoch [6][500/604]	lr: 2.000e-03, eta: 1:18:27, time: 1.270, data_time: 0.014, memory: 3855, loss_rpn_cls: 0.1359, loss_rpn_bbox: 0.0604, loss_cls: 0.2595, acc: 90.0996, loss_bbox: 0.2948, loss_mask: 0.3549, loss: 1.1054
2021-07-04 14:51:38,656 - mmdet - INFO - Epoch [6][550/604]	lr: 2.000e-03, eta: 1:17:23, time: 1.238, data_time: 0.015, memory: 3855, loss_rpn_cls: 0.0840, loss_rpn_bbox: 0.0448, loss_cls: 0.2344, acc: 90.9902, loss_bbox: 0.2632, loss_mask: 0.3088, loss: 0.9352
2021-07-04 14:52:42,356 - mmdet - INFO - Epoch [6][600/604]	lr: 2.000e-03, eta: 1:16:20, time: 1.274, data_time: 0.017, memory: 3855, loss_rpn_cls: 0.0967, loss_rpn_bbox: 0.0508, loss_cls: 0.2462, acc: 90.6758, loss_bbox: 0.2663, loss_mask: 0.3178, loss: 0.9778
2021-07-04 14:52:46,491 - mmdet - INFO - Saving checkpoint at 6 epochs
2021-07-04 14:53:13,913 - mmdet - INFO - Evaluating bbox...
2021-07-04 14:53:14,791 - mmdet - INFO - Evaluating segm...
2021-07-04 14:53:15,870 - mmdet - INFO - Exp name: mask_rcnn_r50_caffe_fpn_mstrain-poly_1xSF.py
2021-07-04 14:53:15,870 - mmdet - INFO - Epoch(val) [6][604]	bbox_mAP: 0.1570, bbox_mAP_50: 0.3780, bbox_mAP_75: 0.1050, bbox_mAP_s: 0.1510, bbox_mAP_m: 0.1290, bbox_mAP_l: 0.1690, bbox_mAP_copypaste: 0.157 0.378 0.105 0.151 0.129 0.169, segm_mAP: 0.1370, segm_mAP_50: 0.3100, segm_mAP_75: 0.1050, segm_mAP_s: 0.0340, segm_mAP_m: 0.1060, segm_mAP_l: 0.1470, segm_mAP_copypaste: 0.137 0.310 0.105 0.034 0.106 0.147
2021-07-04 14:54:21,886 - mmdet - INFO - Epoch [7][50/604]	lr: 2.000e-03, eta: 1:15:10, time: 1.317, data_time: 0.060, memory: 3855, loss_rpn_cls: 0.0997, loss_rpn_bbox: 0.0563, loss_cls: 0.2689, acc: 89.7539, loss_bbox: 0.3066, loss_mask: 0.3413, loss: 1.0728
2021-07-04 14:55:22,884 - mmdet - INFO - Epoch [7][100/604]	lr: 2.000e-03, eta: 1:14:05, time: 1.219, data_time: 0.013, memory: 3855, loss_rpn_cls: 0.1190, loss_rpn_bbox: 0.0494, loss_cls: 0.2395, acc: 90.8633, loss_bbox: 0.2686, loss_mask: 0.3254, loss: 1.0018
2021-07-04 14:56:27,181 - mmdet - INFO - Epoch [7][150/604]	lr: 2.000e-03, eta: 1:13:03, time: 1.286, data_time: 0.016, memory: 3855, loss_rpn_cls: 0.0923, loss_rpn_bbox: 0.0496, loss_cls: 0.2452, acc: 90.2715, loss_bbox: 0.2915, loss_mask: 0.3082, loss: 0.9868
2021-07-04 14:57:31,636 - mmdet - INFO - Epoch [7][200/604]	lr: 2.000e-03, eta: 1:12:01, time: 1.290, data_time: 0.014, memory: 3855, loss_rpn_cls: 0.0790, loss_rpn_bbox: 0.0610, loss_cls: 0.2481, acc: 90.3262, loss_bbox: 0.2912, loss_mask: 0.2912, loss: 0.9705
2021-07-04 14:58:39,775 - mmdet - INFO - Epoch [7][250/604]	lr: 2.000e-03, eta: 1:11:02, time: 1.362, data_time: 0.015, memory: 3855, loss_rpn_cls: 0.0710, loss_rpn_bbox: 0.0658, loss_cls: 0.2656, acc: 89.4082, loss_bbox: 0.3252, loss_mask: 0.3220, loss: 1.0495
2021-07-04 14:59:42,930 - mmdet - INFO - Epoch [7][300/604]	lr: 2.000e-03, eta: 1:09:59, time: 1.263, data_time: 0.017, memory: 3855, loss_rpn_cls: 0.0979, loss_rpn_bbox: 0.0490, loss_cls: 0.2476, acc: 90.3887, loss_bbox: 0.2542, loss_mask: 0.3479, loss: 0.9966
2021-07-04 15:00:47,317 - mmdet - INFO - Epoch [7][350/604]	lr: 2.000e-03, eta: 1:08:57, time: 1.288, data_time: 0.015, memory: 3855, loss_rpn_cls: 0.0744, loss_rpn_bbox: 0.0577, loss_cls: 0.2673, acc: 89.2734, loss_bbox: 0.3018, loss_mask: 0.3111, loss: 1.0125
2021-07-04 15:01:51,736 - mmdet - INFO - Epoch [7][400/604]	lr: 2.000e-03, eta: 1:07:55, time: 1.287, data_time: 0.014, memory: 3855, loss_rpn_cls: 0.1161, loss_rpn_bbox: 0.0624, loss_cls: 0.2621, acc: 89.7539, loss_bbox: 0.2867, loss_mask: 0.3398, loss: 1.0671
2021-07-04 15:02:56,299 - mmdet - INFO - Epoch [7][450/604]	lr: 2.000e-03, eta: 1:06:53, time: 1.292, data_time: 0.015, memory: 3855, loss_rpn_cls: 0.0830, loss_rpn_bbox: 0.0554, loss_cls: 0.2751, acc: 88.8750, loss_bbox: 0.2974, loss_mask: 0.3341, loss: 1.0451
2021-07-04 15:03:58,018 - mmdet - INFO - Epoch [7][500/604]	lr: 2.000e-03, eta: 1:05:48, time: 1.234, data_time: 0.015, memory: 3855, loss_rpn_cls: 0.1140, loss_rpn_bbox: 0.0500, loss_cls: 0.2401, acc: 90.5820, loss_bbox: 0.2657, loss_mask: 0.3278, loss: 0.9976
2021-07-04 15:05:00,833 - mmdet - INFO - Epoch [7][550/604]	lr: 2.000e-03, eta: 1:04:45, time: 1.256, data_time: 0.016, memory: 3855, loss_rpn_cls: 0.0742, loss_rpn_bbox: 0.0509, loss_cls: 0.2474, acc: 89.9824, loss_bbox: 0.2905, loss_mask: 0.3251, loss: 0.9881
2021-07-04 15:06:04,452 - mmdet - INFO - Epoch [7][600/604]	lr: 2.000e-03, eta: 1:03:42, time: 1.272, data_time: 0.017, memory: 3855, loss_rpn_cls: 0.1349, loss_rpn_bbox: 0.0611, loss_cls: 0.2407, acc: 90.6426, loss_bbox: 0.2654, loss_mask: 0.3103, loss: 1.0124
2021-07-04 15:06:08,592 - mmdet - INFO - Saving checkpoint at 7 epochs
2021-07-04 15:06:33,351 - mmdet - INFO - Evaluating bbox...
2021-07-04 15:06:34,186 - mmdet - INFO - Evaluating segm...
2021-07-04 15:06:35,099 - mmdet - INFO - Exp name: mask_rcnn_r50_caffe_fpn_mstrain-poly_1xSF.py
2021-07-04 15:06:35,099 - mmdet - INFO - Epoch(val) [7][604]	bbox_mAP: 0.2120, bbox_mAP_50: 0.5180, bbox_mAP_75: 0.1210, bbox_mAP_s: 0.1010, bbox_mAP_m: 0.1270, bbox_mAP_l: 0.2200, bbox_mAP_copypaste: 0.212 0.518 0.121 0.101 0.127 0.220, segm_mAP: 0.1700, segm_mAP_50: 0.3720, segm_mAP_75: 0.1280, segm_mAP_s: 0.0170, segm_mAP_m: 0.1040, segm_mAP_l: 0.1780, segm_mAP_copypaste: 0.170 0.372 0.128 0.017 0.104 0.178
2021-07-04 15:07:42,539 - mmdet - INFO - Epoch [8][50/604]	lr: 2.000e-03, eta: 1:02:33, time: 1.345, data_time: 0.060, memory: 3855, loss_rpn_cls: 0.0641, loss_rpn_bbox: 0.0542, loss_cls: 0.2277, acc: 91.0703, loss_bbox: 0.2788, loss_mask: 0.3056, loss: 0.9305
2021-07-04 15:08:47,748 - mmdet - INFO - Epoch [8][100/604]	lr: 2.000e-03, eta: 1:01:31, time: 1.303, data_time: 0.014, memory: 3855, loss_rpn_cls: 0.1149, loss_rpn_bbox: 0.0627, loss_cls: 0.2645, acc: 89.7031, loss_bbox: 0.2738, loss_mask: 0.3101, loss: 1.0262
2021-07-04 15:09:52,098 - mmdet - INFO - Epoch [8][150/604]	lr: 2.000e-03, eta: 1:00:29, time: 1.287, data_time: 0.015, memory: 3855, loss_rpn_cls: 0.0860, loss_rpn_bbox: 0.0559, loss_cls: 0.2557, acc: 90.0078, loss_bbox: 0.2808, loss_mask: 0.3120, loss: 0.9904
2021-07-04 15:10:54,036 - mmdet - INFO - Epoch [8][200/604]	lr: 2.000e-03, eta: 0:59:25, time: 1.238, data_time: 0.015, memory: 3855, loss_rpn_cls: 0.0837, loss_rpn_bbox: 0.0427, loss_cls: 0.2282, acc: 90.9805, loss_bbox: 0.2456, loss_mask: 0.3069, loss: 0.9071
2021-07-04 15:11:56,530 - mmdet - INFO - Epoch [8][250/604]	lr: 2.000e-03, eta: 0:58:21, time: 1.251, data_time: 0.016, memory: 3855, loss_rpn_cls: 0.0644, loss_rpn_bbox: 0.0402, loss_cls: 0.2211, acc: 91.2090, loss_bbox: 0.2426, loss_mask: 0.2881, loss: 0.8564
2021-07-04 15:13:00,653 - mmdet - INFO - Epoch [8][300/604]	lr: 2.000e-03, eta: 0:57:18, time: 1.281, data_time: 0.015, memory: 3855, loss_rpn_cls: 0.0803, loss_rpn_bbox: 0.0577, loss_cls: 0.2629, acc: 89.7891, loss_bbox: 0.3126, loss_mask: 0.3202, loss: 1.0336
2021-07-04 15:14:03,600 - mmdet - INFO - Epoch [8][350/604]	lr: 2.000e-03, eta: 0:56:15, time: 1.259, data_time: 0.017, memory: 3855, loss_rpn_cls: 0.0947, loss_rpn_bbox: 0.0501, loss_cls: 0.2559, acc: 90.3301, loss_bbox: 0.2720, loss_mask: 0.3479, loss: 1.0205
2021-07-04 15:15:11,208 - mmdet - INFO - Epoch [8][400/604]	lr: 2.000e-03, eta: 0:55:14, time: 1.352, data_time: 0.015, memory: 3855, loss_rpn_cls: 0.1162, loss_rpn_bbox: 0.0692, loss_cls: 0.2751, acc: 89.2305, loss_bbox: 0.3313, loss_mask: 0.3050, loss: 1.0969
2021-07-04 15:16:14,633 - mmdet - INFO - Epoch [8][450/604]	lr: 2.000e-03, eta: 0:54:11, time: 1.269, data_time: 0.017, memory: 3855, loss_rpn_cls: 0.0692, loss_rpn_bbox: 0.0463, loss_cls: 0.2315, acc: 91.0215, loss_bbox: 0.2877, loss_mask: 0.2819, loss: 0.9166
2021-07-04 15:17:16,542 - mmdet - INFO - Epoch [8][500/604]	lr: 2.000e-03, eta: 0:53:07, time: 1.238, data_time: 0.014, memory: 3855, loss_rpn_cls: 0.0906, loss_rpn_bbox: 0.0522, loss_cls: 0.2397, acc: 90.6797, loss_bbox: 0.2767, loss_mask: 0.3215, loss: 0.9806
2021-07-04 15:18:21,232 - mmdet - INFO - Epoch [8][550/604]	lr: 2.000e-03, eta: 0:52:05, time: 1.294, data_time: 0.014, memory: 3855, loss_rpn_cls: 0.1625, loss_rpn_bbox: 0.0669, loss_cls: 0.2450, acc: 90.0430, loss_bbox: 0.2806, loss_mask: 0.3110, loss: 1.0661
2021-07-04 15:19:23,104 - mmdet - INFO - Epoch [8][600/604]	lr: 2.000e-03, eta: 0:51:01, time: 1.236, data_time: 0.014, memory: 3855, loss_rpn_cls: 0.0940, loss_rpn_bbox: 0.0450, loss_cls: 0.2254, acc: 91.3672, loss_bbox: 0.2337, loss_mask: 0.2949, loss: 0.8931
2021-07-04 15:19:28,589 - mmdet - INFO - Saving checkpoint at 8 epochs
2021-07-04 15:19:55,099 - mmdet - INFO - Evaluating bbox...
2021-07-04 15:19:55,979 - mmdet - INFO - Evaluating segm...
2021-07-04 15:19:56,953 - mmdet - INFO - Exp name: mask_rcnn_r50_caffe_fpn_mstrain-poly_1xSF.py
2021-07-04 15:19:56,954 - mmdet - INFO - Epoch(val) [8][604]	bbox_mAP: 0.1690, bbox_mAP_50: 0.4050, bbox_mAP_75: 0.1160, bbox_mAP_s: 0.1510, bbox_mAP_m: 0.1250, bbox_mAP_l: 0.1770, bbox_mAP_copypaste: 0.169 0.405 0.116 0.151 0.125 0.177, segm_mAP: 0.1550, segm_mAP_50: 0.2970, segm_mAP_75: 0.1540, segm_mAP_s: 0.0500, segm_mAP_m: 0.1110, segm_mAP_l: 0.1650, segm_mAP_copypaste: 0.155 0.297 0.154 0.050 0.111 0.165
2021-07-04 15:21:01,861 - mmdet - INFO - Epoch [9][50/604]	lr: 2.000e-04, eta: 0:49:51, time: 1.294, data_time: 0.061, memory: 3855, loss_rpn_cls: 0.0956, loss_rpn_bbox: 0.0496, loss_cls: 0.2165, acc: 91.5977, loss_bbox: 0.2484, loss_mask: 0.2822, loss: 0.8923
2021-07-04 15:22:06,214 - mmdet - INFO - Epoch [9][100/604]	lr: 2.000e-04, eta: 0:48:48, time: 1.288, data_time: 0.014, memory: 3855, loss_rpn_cls: 0.0968, loss_rpn_bbox: 0.0577, loss_cls: 0.2329, acc: 90.9707, loss_bbox: 0.2754, loss_mask: 0.3020, loss: 0.9647
2021-07-04 15:23:10,662 - mmdet - INFO - Epoch [9][150/604]	lr: 2.000e-04, eta: 0:47:45, time: 1.288, data_time: 0.014, memory: 3855, loss_rpn_cls: 0.0863, loss_rpn_bbox: 0.0545, loss_cls: 0.2356, acc: 90.6094, loss_bbox: 0.2677, loss_mask: 0.3104, loss: 0.9545
2021-07-04 15:24:15,784 - mmdet - INFO - Epoch [9][200/604]	lr: 2.000e-04, eta: 0:46:43, time: 1.303, data_time: 0.015, memory: 3855, loss_rpn_cls: 0.0757, loss_rpn_bbox: 0.0511, loss_cls: 0.2240, acc: 91.5371, loss_bbox: 0.2519, loss_mask: 0.3103, loss: 0.9130
2021-07-04 15:25:20,938 - mmdet - INFO - Epoch [9][250/604]	lr: 2.000e-04, eta: 0:45:40, time: 1.302, data_time: 0.014, memory: 3855, loss_rpn_cls: 0.0982, loss_rpn_bbox: 0.0541, loss_cls: 0.2405, acc: 90.6328, loss_bbox: 0.2833, loss_mask: 0.2998, loss: 0.9758
2021-07-04 15:26:23,689 - mmdet - INFO - Epoch [9][300/604]	lr: 2.000e-04, eta: 0:44:37, time: 1.255, data_time: 0.014, memory: 3855, loss_rpn_cls: 0.0868, loss_rpn_bbox: 0.0459, loss_cls: 0.2288, acc: 90.8066, loss_bbox: 0.2642, loss_mask: 0.2884, loss: 0.9141
2021-07-04 15:27:29,107 - mmdet - INFO - Epoch [9][350/604]	lr: 2.000e-04, eta: 0:43:34, time: 1.308, data_time: 0.014, memory: 3855, loss_rpn_cls: 0.0935, loss_rpn_bbox: 0.0520, loss_cls: 0.2267, acc: 91.2832, loss_bbox: 0.2747, loss_mask: 0.2925, loss: 0.9394
2021-07-04 15:28:33,262 - mmdet - INFO - Epoch [9][400/604]	lr: 2.000e-04, eta: 0:42:32, time: 1.283, data_time: 0.016, memory: 3855, loss_rpn_cls: 0.0775, loss_rpn_bbox: 0.0509, loss_cls: 0.2243, acc: 91.1133, loss_bbox: 0.2723, loss_mask: 0.3021, loss: 0.9271
2021-07-04 15:29:35,246 - mmdet - INFO - Epoch [9][450/604]	lr: 2.000e-04, eta: 0:41:28, time: 1.241, data_time: 0.015, memory: 3855, loss_rpn_cls: 0.1037, loss_rpn_bbox: 0.0464, loss_cls: 0.2196, acc: 91.7070, loss_bbox: 0.2521, loss_mask: 0.2966, loss: 0.9184
2021-07-04 15:30:39,108 - mmdet - INFO - Epoch [9][500/604]	lr: 2.000e-04, eta: 0:40:25, time: 1.277, data_time: 0.016, memory: 3855, loss_rpn_cls: 0.0585, loss_rpn_bbox: 0.0500, loss_cls: 0.2362, acc: 90.5762, loss_bbox: 0.2583, loss_mask: 0.2575, loss: 0.8606
2021-07-04 15:31:40,694 - mmdet - INFO - Epoch [9][550/604]	lr: 2.000e-04, eta: 0:39:21, time: 1.231, data_time: 0.014, memory: 3855, loss_rpn_cls: 0.0527, loss_rpn_bbox: 0.0315, loss_cls: 0.1950, acc: 92.4336, loss_bbox: 0.2174, loss_mask: 0.3075, loss: 0.8042
2021-07-04 15:32:43,691 - mmdet - INFO - Epoch [9][600/604]	lr: 2.000e-04, eta: 0:38:17, time: 1.260, data_time: 0.015, memory: 3855, loss_rpn_cls: 0.0964, loss_rpn_bbox: 0.0487, loss_cls: 0.2270, acc: 91.0078, loss_bbox: 0.2437, loss_mask: 0.2765, loss: 0.8924
2021-07-04 15:32:49,676 - mmdet - INFO - Saving checkpoint at 9 epochs
2021-07-04 15:33:15,350 - mmdet - INFO - Evaluating bbox...
2021-07-04 15:33:16,290 - mmdet - INFO - Evaluating segm...
2021-07-04 15:33:17,346 - mmdet - INFO - Exp name: mask_rcnn_r50_caffe_fpn_mstrain-poly_1xSF.py
2021-07-04 15:33:17,347 - mmdet - INFO - Epoch(val) [9][604]	bbox_mAP: 0.2200, bbox_mAP_50: 0.4890, bbox_mAP_75: 0.1630, bbox_mAP_s: 0.0000, bbox_mAP_m: 0.1640, bbox_mAP_l: 0.2260, bbox_mAP_copypaste: 0.220 0.489 0.163 0.000 0.164 0.226, segm_mAP: 0.1850, segm_mAP_50: 0.4220, segm_mAP_75: 0.1630, segm_mAP_s: 0.0000, segm_mAP_m: 0.1260, segm_mAP_l: 0.1920, segm_mAP_copypaste: 0.185 0.422 0.163 0.000 0.126 0.192
2021-07-04 15:34:22,422 - mmdet - INFO - Epoch [10][50/604]	lr: 2.000e-04, eta: 0:37:08, time: 1.297, data_time: 0.062, memory: 3855, loss_rpn_cls: 0.0731, loss_rpn_bbox: 0.0455, loss_cls: 0.2224, acc: 91.0469, loss_bbox: 0.2526, loss_mask: 0.2889, loss: 0.8826
2021-07-04 15:35:27,367 - mmdet - INFO - Epoch [10][100/604]	lr: 2.000e-04, eta: 0:36:05, time: 1.299, data_time: 0.015, memory: 3855, loss_rpn_cls: 0.1007, loss_rpn_bbox: 0.0582, loss_cls: 0.2201, acc: 91.1309, loss_bbox: 0.2709, loss_mask: 0.3230, loss: 0.9729
2021-07-04 15:36:33,493 - mmdet - INFO - Epoch [10][150/604]	lr: 2.000e-04, eta: 0:35:03, time: 1.323, data_time: 0.015, memory: 3855, loss_rpn_cls: 0.0709, loss_rpn_bbox: 0.0557, loss_cls: 0.2487, acc: 89.9805, loss_bbox: 0.2936, loss_mask: 0.2883, loss: 0.9572
2021-07-04 15:37:39,014 - mmdet - INFO - Epoch [10][200/604]	lr: 2.000e-04, eta: 0:34:00, time: 1.310, data_time: 0.015, memory: 3855, loss_rpn_cls: 0.1017, loss_rpn_bbox: 0.0518, loss_cls: 0.2388, acc: 90.4316, loss_bbox: 0.2656, loss_mask: 0.2855, loss: 0.9434
2021-07-04 15:38:42,781 - mmdet - INFO - Epoch [10][250/604]	lr: 2.000e-04, eta: 0:32:57, time: 1.274, data_time: 0.014, memory: 3855, loss_rpn_cls: 0.0985, loss_rpn_bbox: 0.0529, loss_cls: 0.2274, acc: 91.1504, loss_bbox: 0.2587, loss_mask: 0.3191, loss: 0.9565
2021-07-04 15:39:48,823 - mmdet - INFO - Epoch [10][300/604]	lr: 2.000e-04, eta: 0:31:54, time: 1.322, data_time: 0.015, memory: 3855, loss_rpn_cls: 0.0749, loss_rpn_bbox: 0.0465, loss_cls: 0.2163, acc: 91.4766, loss_bbox: 0.2447, loss_mask: 0.2784, loss: 0.8609
2021-07-04 15:40:54,097 - mmdet - INFO - Epoch [10][350/604]	lr: 2.000e-04, eta: 0:30:52, time: 1.305, data_time: 0.016, memory: 3855, loss_rpn_cls: 0.0958, loss_rpn_bbox: 0.0596, loss_cls: 0.2545, acc: 90.1172, loss_bbox: 0.2910, loss_mask: 0.3127, loss: 1.0137
2021-07-04 15:41:58,732 - mmdet - INFO - Epoch [10][400/604]	lr: 2.000e-04, eta: 0:29:49, time: 1.293, data_time: 0.016, memory: 3855, loss_rpn_cls: 0.0713, loss_rpn_bbox: 0.0478, loss_cls: 0.2403, acc: 90.2559, loss_bbox: 0.2892, loss_mask: 0.2798, loss: 0.9285
2021-07-04 15:43:01,376 - mmdet - INFO - Epoch [10][450/604]	lr: 2.000e-04, eta: 0:28:45, time: 1.252, data_time: 0.016, memory: 3855, loss_rpn_cls: 0.1054, loss_rpn_bbox: 0.0479, loss_cls: 0.2061, acc: 92.1602, loss_bbox: 0.2381, loss_mask: 0.2837, loss: 0.8812
2021-07-04 15:44:01,916 - mmdet - INFO - Epoch [10][500/604]	lr: 2.000e-04, eta: 0:27:41, time: 1.212, data_time: 0.015, memory: 3855, loss_rpn_cls: 0.0709, loss_rpn_bbox: 0.0347, loss_cls: 0.2000, acc: 92.2461, loss_bbox: 0.2054, loss_mask: 0.2761, loss: 0.7872
2021-07-04 15:45:07,638 - mmdet - INFO - Epoch [10][550/604]	lr: 2.000e-04, eta: 0:26:38, time: 1.314, data_time: 0.013, memory: 3855, loss_rpn_cls: 0.0663, loss_rpn_bbox: 0.0419, loss_cls: 0.2329, acc: 91.3184, loss_bbox: 0.2631, loss_mask: 0.3091, loss: 0.9133
2021-07-04 15:46:10,847 - mmdet - INFO - Epoch [10][600/604]	lr: 2.000e-04, eta: 0:25:35, time: 1.264, data_time: 0.015, memory: 3855, loss_rpn_cls: 0.0660, loss_rpn_bbox: 0.0447, loss_cls: 0.2057, acc: 92.2285, loss_bbox: 0.2307, loss_mask: 0.2859, loss: 0.8330
2021-07-04 15:46:15,481 - mmdet - INFO - Saving checkpoint at 10 epochs
2021-07-04 15:46:42,020 - mmdet - INFO - Evaluating bbox...
2021-07-04 15:46:43,002 - mmdet - INFO - Evaluating segm...
2021-07-04 15:46:44,034 - mmdet - INFO - Exp name: mask_rcnn_r50_caffe_fpn_mstrain-poly_1xSF.py
2021-07-04 15:46:44,034 - mmdet - INFO - Epoch(val) [10][604]	bbox_mAP: 0.2010, bbox_mAP_50: 0.4540, bbox_mAP_75: 0.1620, bbox_mAP_s: 0.2020, bbox_mAP_m: 0.1780, bbox_mAP_l: 0.2070, bbox_mAP_copypaste: 0.201 0.454 0.162 0.202 0.178 0.207, segm_mAP: 0.1710, segm_mAP_50: 0.4130, segm_mAP_75: 0.1420, segm_mAP_s: 0.0760, segm_mAP_m: 0.1140, segm_mAP_l: 0.1790, segm_mAP_copypaste: 0.171 0.413 0.142 0.076 0.114 0.179
2021-07-04 15:47:48,312 - mmdet - INFO - Epoch [11][50/604]	lr: 2.000e-04, eta: 0:24:26, time: 1.282, data_time: 0.062, memory: 3855, loss_rpn_cls: 0.0590, loss_rpn_bbox: 0.0439, loss_cls: 0.2067, acc: 91.6680, loss_bbox: 0.2431, loss_mask: 0.2852, loss: 0.8379
2021-07-04 15:48:55,024 - mmdet - INFO - Epoch [11][100/604]	lr: 2.000e-04, eta: 0:23:23, time: 1.334, data_time: 0.014, memory: 3855, loss_rpn_cls: 0.0810, loss_rpn_bbox: 0.0552, loss_cls: 0.2420, acc: 90.2871, loss_bbox: 0.2842, loss_mask: 0.2899, loss: 0.9522
2021-07-04 15:49:57,197 - mmdet - INFO - Epoch [11][150/604]	lr: 2.000e-04, eta: 0:22:19, time: 1.243, data_time: 0.016, memory: 3855, loss_rpn_cls: 0.0658, loss_rpn_bbox: 0.0417, loss_cls: 0.2266, acc: 91.0098, loss_bbox: 0.2565, loss_mask: 0.2955, loss: 0.8860
2021-07-04 15:51:01,565 - mmdet - INFO - Epoch [11][200/604]	lr: 2.000e-04, eta: 0:21:16, time: 1.288, data_time: 0.015, memory: 3855, loss_rpn_cls: 0.0960, loss_rpn_bbox: 0.0521, loss_cls: 0.2458, acc: 90.6113, loss_bbox: 0.2643, loss_mask: 0.3231, loss: 0.9813
2021-07-04 15:52:04,329 - mmdet - INFO - Epoch [11][250/604]	lr: 2.000e-04, eta: 0:20:13, time: 1.255, data_time: 0.014, memory: 3855, loss_rpn_cls: 0.0842, loss_rpn_bbox: 0.0459, loss_cls: 0.2141, acc: 91.5176, loss_bbox: 0.2389, loss_mask: 0.2770, loss: 0.8600
2021-07-04 15:53:05,584 - mmdet - INFO - Epoch [11][300/604]	lr: 2.000e-04, eta: 0:19:09, time: 1.225, data_time: 0.014, memory: 3855, loss_rpn_cls: 0.0748, loss_rpn_bbox: 0.0453, loss_cls: 0.2161, acc: 91.6855, loss_bbox: 0.2416, loss_mask: 0.3004, loss: 0.8781
2021-07-04 15:54:09,199 - mmdet - INFO - Epoch [11][350/604]	lr: 2.000e-04, eta: 0:18:06, time: 1.273, data_time: 0.014, memory: 3855, loss_rpn_cls: 0.0767, loss_rpn_bbox: 0.0485, loss_cls: 0.2343, acc: 90.9648, loss_bbox: 0.2673, loss_mask: 0.2999, loss: 0.9267
2021-07-04 15:55:14,392 - mmdet - INFO - Epoch [11][400/604]	lr: 2.000e-04, eta: 0:17:03, time: 1.304, data_time: 0.015, memory: 3855, loss_rpn_cls: 0.1195, loss_rpn_bbox: 0.0618, loss_cls: 0.2369, acc: 90.7363, loss_bbox: 0.2761, loss_mask: 0.2962, loss: 0.9904
2021-07-04 15:56:17,049 - mmdet - INFO - Epoch [11][450/604]	lr: 2.000e-04, eta: 0:16:00, time: 1.253, data_time: 0.017, memory: 3855, loss_rpn_cls: 0.0693, loss_rpn_bbox: 0.0453, loss_cls: 0.2131, acc: 91.5645, loss_bbox: 0.2732, loss_mask: 0.2658, loss: 0.8667
2021-07-04 15:57:23,806 - mmdet - INFO - Epoch [11][500/604]	lr: 2.000e-04, eta: 0:14:57, time: 1.335, data_time: 0.018, memory: 3855, loss_rpn_cls: 0.1105, loss_rpn_bbox: 0.0506, loss_cls: 0.2223, acc: 91.3496, loss_bbox: 0.2419, loss_mask: 0.2904, loss: 0.9157
2021-07-04 15:58:29,246 - mmdet - INFO - Epoch [11][550/604]	lr: 2.000e-04, eta: 0:13:53, time: 1.309, data_time: 0.016, memory: 3855, loss_rpn_cls: 0.0811, loss_rpn_bbox: 0.0543, loss_cls: 0.2317, acc: 90.7402, loss_bbox: 0.2617, loss_mask: 0.2887, loss: 0.9175
2021-07-04 15:59:32,591 - mmdet - INFO - Epoch [11][600/604]	lr: 2.000e-04, eta: 0:12:50, time: 1.267, data_time: 0.015, memory: 3855, loss_rpn_cls: 0.0856, loss_rpn_bbox: 0.0470, loss_cls: 0.2124, acc: 91.7617, loss_bbox: 0.2311, loss_mask: 0.2805, loss: 0.8566
2021-07-04 15:59:37,983 - mmdet - INFO - Saving checkpoint at 11 epochs
2021-07-04 16:00:03,679 - mmdet - INFO - Evaluating bbox...
2021-07-04 16:00:04,578 - mmdet - INFO - Evaluating segm...
2021-07-04 16:00:05,512 - mmdet - INFO - Exp name: mask_rcnn_r50_caffe_fpn_mstrain-poly_1xSF.py
2021-07-04 16:00:05,512 - mmdet - INFO - Epoch(val) [11][604]	bbox_mAP: 0.1980, bbox_mAP_50: 0.4620, bbox_mAP_75: 0.1370, bbox_mAP_s: 0.0250, bbox_mAP_m: 0.1850, bbox_mAP_l: 0.2040, bbox_mAP_copypaste: 0.198 0.462 0.137 0.025 0.185 0.204, segm_mAP: 0.1730, segm_mAP_50: 0.3810, segm_mAP_75: 0.1310, segm_mAP_s: 0.0060, segm_mAP_m: 0.1260, segm_mAP_l: 0.1800, segm_mAP_copypaste: 0.173 0.381 0.131 0.006 0.126 0.180
2021-07-04 16:01:11,956 - mmdet - INFO - Epoch [12][50/604]	lr: 2.000e-05, eta: 0:11:41, time: 1.325, data_time: 0.060, memory: 3855, loss_rpn_cls: 0.0911, loss_rpn_bbox: 0.0525, loss_cls: 0.2344, acc: 90.8750, loss_bbox: 0.2725, loss_mask: 0.2868, loss: 0.9373
2021-07-04 16:02:16,342 - mmdet - INFO - Epoch [12][100/604]	lr: 2.000e-05, eta: 0:10:38, time: 1.287, data_time: 0.014, memory: 3855, loss_rpn_cls: 0.0722, loss_rpn_bbox: 0.0444, loss_cls: 0.2168, acc: 91.5820, loss_bbox: 0.2468, loss_mask: 0.2833, loss: 0.8635
2021-07-04 16:03:22,297 - mmdet - INFO - Epoch [12][150/604]	lr: 2.000e-05, eta: 0:09:35, time: 1.319, data_time: 0.017, memory: 3855, loss_rpn_cls: 0.0757, loss_rpn_bbox: 0.0476, loss_cls: 0.2249, acc: 91.1953, loss_bbox: 0.2602, loss_mask: 0.2766, loss: 0.8851
2021-07-04 16:04:29,189 - mmdet - INFO - Epoch [12][200/604]	lr: 2.000e-05, eta: 0:08:32, time: 1.337, data_time: 0.015, memory: 3855, loss_rpn_cls: 0.0976, loss_rpn_bbox: 0.0593, loss_cls: 0.2469, acc: 90.5996, loss_bbox: 0.2860, loss_mask: 0.3262, loss: 1.0160
2021-07-04 16:05:33,619 - mmdet - INFO - Epoch [12][250/604]	lr: 2.000e-05, eta: 0:07:28, time: 1.288, data_time: 0.016, memory: 3855, loss_rpn_cls: 0.0541, loss_rpn_bbox: 0.0449, loss_cls: 0.1982, acc: 91.9902, loss_bbox: 0.2500, loss_mask: 0.2520, loss: 0.7992
2021-07-04 16:06:35,377 - mmdet - INFO - Epoch [12][300/604]	lr: 2.000e-05, eta: 0:06:25, time: 1.236, data_time: 0.015, memory: 3855, loss_rpn_cls: 0.0667, loss_rpn_bbox: 0.0431, loss_cls: 0.2129, acc: 91.6094, loss_bbox: 0.2537, loss_mask: 0.2960, loss: 0.8724
2021-07-04 16:07:40,600 - mmdet - INFO - Epoch [12][350/604]	lr: 2.000e-05, eta: 0:05:22, time: 1.304, data_time: 0.016, memory: 3855, loss_rpn_cls: 0.0826, loss_rpn_bbox: 0.0470, loss_cls: 0.2391, acc: 90.5371, loss_bbox: 0.2677, loss_mask: 0.2806, loss: 0.9170
2021-07-04 16:08:42,699 - mmdet - INFO - Epoch [12][400/604]	lr: 2.000e-05, eta: 0:04:18, time: 1.243, data_time: 0.013, memory: 3855, loss_rpn_cls: 0.0849, loss_rpn_bbox: 0.0433, loss_cls: 0.2176, acc: 91.6152, loss_bbox: 0.2351, loss_mask: 0.2970, loss: 0.8780
2021-07-04 16:09:44,589 - mmdet - INFO - Epoch [12][450/604]	lr: 2.000e-05, eta: 0:03:15, time: 1.238, data_time: 0.014, memory: 3855, loss_rpn_cls: 0.1065, loss_rpn_bbox: 0.0477, loss_cls: 0.2009, acc: 91.8027, loss_bbox: 0.2275, loss_mask: 0.2669, loss: 0.8495
2021-07-04 16:10:48,526 - mmdet - INFO - Epoch [12][500/604]	lr: 2.000e-05, eta: 0:02:11, time: 1.278, data_time: 0.015, memory: 3855, loss_rpn_cls: 0.0533, loss_rpn_bbox: 0.0479, loss_cls: 0.2240, acc: 91.1484, loss_bbox: 0.2684, loss_mask: 0.3000, loss: 0.8935
2021-07-04 16:11:54,334 - mmdet - INFO - Epoch [12][550/604]	lr: 2.000e-05, eta: 0:01:08, time: 1.316, data_time: 0.015, memory: 3855, loss_rpn_cls: 0.1064, loss_rpn_bbox: 0.0596, loss_cls: 0.2323, acc: 90.8125, loss_bbox: 0.2583, loss_mask: 0.2860, loss: 0.9426
2021-07-04 16:12:57,128 - mmdet - INFO - Epoch [12][600/604]	lr: 2.000e-05, eta: 0:00:05, time: 1.256, data_time: 0.015, memory: 3855, loss_rpn_cls: 0.0847, loss_rpn_bbox: 0.0466, loss_cls: 0.2174, acc: 91.4043, loss_bbox: 0.2360, loss_mask: 0.3015, loss: 0.8862
2021-07-04 16:13:01,755 - mmdet - INFO - Saving checkpoint at 12 epochs
2021-07-04 16:13:27,967 - mmdet - INFO - Evaluating bbox...
2021-07-04 16:13:29,023 - mmdet - INFO - Evaluating segm...
2021-07-04 16:13:30,155 - mmdet - INFO - Exp name: mask_rcnn_r50_caffe_fpn_mstrain-poly_1xSF.py
2021-07-04 16:13:30,156 - mmdet - INFO - Epoch(val) [12][604]	bbox_mAP: 0.1950, bbox_mAP_50: 0.4490, bbox_mAP_75: 0.1300, bbox_mAP_s: 0.0250, bbox_mAP_m: 0.1850, bbox_mAP_l: 0.2010, bbox_mAP_copypaste: 0.195 0.449 0.130 0.025 0.185 0.201, segm_mAP: 0.1680, segm_mAP_50: 0.3710, segm_mAP_75: 0.1410, segm_mAP_s: 0.0080, segm_mAP_m: 0.1270, segm_mAP_l: 0.1750, segm_mAP_copypaste: 0.168 0.371 0.141 0.008 0.127 0.175
